2024-03-29 18:08:58 - root - INFO - https://williamandmary.campusdish.com/api/menus/GetMenuCalendar?locationId=78390&storeIds=
2024-03-29 18:09:00 - root - INFO - Available date number: 43
2024-03-29 18:09:00 - root - INFO - date_string_available_list: ['02/29/2024', '03/01/2024', '03/02/2024', '03/03/2024', '03/06/2024', '03/07/2024', '03/08/2024', '03/17/2024', '03/18/2024', '03/19/2024', '03/20/2024', '03/21/2024', '03/22/2024', '03/23/2024', '03/24/2024', '03/25/2024', '03/26/2024', '03/27/2024', '03/28/2024', '03/29/2024', '03/30/2024', '03/31/2024', '04/01/2024', '04/02/2024', '04/03/2024', '04/04/2024', '04/05/2024', '04/06/2024', '04/07/2024', '04/08/2024', '04/09/2024', '04/10/2024', '04/11/2024', '04/12/2024', '04/13/2024', '04/14/2024', '04/15/2024', '04/16/2024', '04/17/2024', '04/18/2024', '04/19/2024', '04/20/2024', '04/21/2024']
2024-03-29 18:09:00 - root - INFO - location_list: ['78390', '78391']
2024-03-29 18:09:00 - root - INFO - https://williamandmary.campusdish.com/api/menu/GetMenus?locationId=02/29/2024&mode=Daily&date=02/29/2024
2024-03-29 18:09:00 - root - INFO - data length: 37 (78390 (Commons Dining Hall) on 02/29/2024)
2024-03-29 18:09:00 - root - INFO - Too short response: 37 < 30000. Skipped.
2024-03-29 18:09:00 - root - INFO - https://williamandmary.campusdish.com/api/menu/GetMenus?locationId=02/29/2024&mode=Daily&date=02/29/2024
2024-03-29 18:09:00 - root - INFO - data length: 37 (78391 (Food Hall @ Sadler) on 02/29/2024)
2024-03-29 18:09:00 - root - INFO - Too short response: 37 < 30000. Skipped.
2024-03-29 18:09:00 - root - INFO - https://williamandmary.campusdish.com/api/menu/GetMenus?locationId=03/01/2024&mode=Daily&date=03/01/2024
2024-03-29 18:09:00 - root - INFO - data length: 37 (78390 (Commons Dining Hall) on 03/01/2024)
2024-03-29 18:09:00 - root - INFO - Too short response: 37 < 30000. Skipped.
2024-03-29 18:09:00 - root - INFO - https://williamandmary.campusdish.com/api/menu/GetMenus?locationId=03/01/2024&mode=Daily&date=03/01/2024
2024-03-29 18:09:01 - root - INFO - data length: 37 (78391 (Food Hall @ Sadler) on 03/01/2024)
2024-03-29 18:09:01 - root - INFO - Too short response: 37 < 30000. Skipped.
2024-03-29 18:09:01 - root - INFO - https://williamandmary.campusdish.com/api/menu/GetMenus?locationId=03/02/2024&mode=Daily&date=03/02/2024
2024-03-29 18:09:01 - root - INFO - data length: 37 (78390 (Commons Dining Hall) on 03/02/2024)
2024-03-29 18:09:01 - root - INFO - Too short response: 37 < 30000. Skipped.
2024-03-29 18:09:01 - root - INFO - https://williamandmary.campusdish.com/api/menu/GetMenus?locationId=03/02/2024&mode=Daily&date=03/02/2024
2024-03-29 18:09:01 - root - INFO - data length: 37 (78391 (Food Hall @ Sadler) on 03/02/2024)
2024-03-29 18:09:01 - root - INFO - Too short response: 37 < 30000. Skipped.
2024-03-29 18:09:01 - root - INFO - https://williamandmary.campusdish.com/api/menu/GetMenus?locationId=03/03/2024&mode=Daily&date=03/03/2024
2024-03-29 18:09:01 - root - INFO - data length: 37 (78390 (Commons Dining Hall) on 03/03/2024)
2024-03-29 18:09:01 - root - INFO - Too short response: 37 < 30000. Skipped.
2024-03-29 18:09:01 - root - INFO - https://williamandmary.campusdish.com/api/menu/GetMenus?locationId=03/03/2024&mode=Daily&date=03/03/2024
2024-03-29 18:09:02 - root - INFO - data length: 37 (78391 (Food Hall @ Sadler) on 03/03/2024)
2024-03-29 18:09:02 - root - INFO - Too short response: 37 < 30000. Skipped.
2024-03-29 18:09:02 - root - INFO - https://williamandmary.campusdish.com/api/menu/GetMenus?locationId=03/06/2024&mode=Daily&date=03/06/2024
2024-03-29 18:09:02 - root - INFO - data length: 37 (78390 (Commons Dining Hall) on 03/06/2024)
2024-03-29 18:09:02 - root - INFO - Too short response: 37 < 30000. Skipped.
2024-03-29 18:09:02 - root - INFO - https://williamandmary.campusdish.com/api/menu/GetMenus?locationId=03/06/2024&mode=Daily&date=03/06/2024
2024-03-29 18:09:02 - root - INFO - data length: 37 (78391 (Food Hall @ Sadler) on 03/06/2024)
2024-03-29 18:09:02 - root - INFO - Too short response: 37 < 30000. Skipped.
2024-03-29 18:09:02 - root - INFO - https://williamandmary.campusdish.com/api/menu/GetMenus?locationId=03/07/2024&mode=Daily&date=03/07/2024
2024-03-29 18:09:02 - root - INFO - data length: 37 (78390 (Commons Dining Hall) on 03/07/2024)
2024-03-29 18:09:02 - root - INFO - Too short response: 37 < 30000. Skipped.
2024-03-29 18:09:02 - root - INFO - https://williamandmary.campusdish.com/api/menu/GetMenus?locationId=03/07/2024&mode=Daily&date=03/07/2024
2024-03-29 18:09:03 - root - INFO - data length: 37 (78391 (Food Hall @ Sadler) on 03/07/2024)
2024-03-29 18:09:03 - root - INFO - Too short response: 37 < 30000. Skipped.
2024-03-29 18:09:03 - root - INFO - https://williamandmary.campusdish.com/api/menu/GetMenus?locationId=03/08/2024&mode=Daily&date=03/08/2024
2024-03-29 18:09:03 - root - INFO - data length: 37 (78390 (Commons Dining Hall) on 03/08/2024)
2024-03-29 18:09:03 - root - INFO - Too short response: 37 < 30000. Skipped.
2024-03-29 18:09:03 - root - INFO - https://williamandmary.campusdish.com/api/menu/GetMenus?locationId=03/08/2024&mode=Daily&date=03/08/2024
2024-03-29 18:09:03 - root - INFO - data length: 37 (78391 (Food Hall @ Sadler) on 03/08/2024)
2024-03-29 18:09:03 - root - INFO - Too short response: 37 < 30000. Skipped.
2024-03-29 18:09:03 - root - INFO - https://williamandmary.campusdish.com/api/menu/GetMenus?locationId=03/17/2024&mode=Daily&date=03/17/2024
2024-03-29 18:09:03 - root - INFO - data length: 37 (78390 (Commons Dining Hall) on 03/17/2024)
2024-03-29 18:09:03 - root - INFO - Too short response: 37 < 30000. Skipped.
2024-03-29 18:09:03 - root - INFO - https://williamandmary.campusdish.com/api/menu/GetMenus?locationId=03/17/2024&mode=Daily&date=03/17/2024
2024-03-29 18:09:03 - root - INFO - data length: 37 (78391 (Food Hall @ Sadler) on 03/17/2024)
2024-03-29 18:09:03 - root - INFO - Too short response: 37 < 30000. Skipped.
2024-03-29 18:09:03 - root - INFO - https://williamandmary.campusdish.com/api/menu/GetMenus?locationId=03/18/2024&mode=Daily&date=03/18/2024
2024-03-29 18:09:04 - root - INFO - data length: 37 (78390 (Commons Dining Hall) on 03/18/2024)
2024-03-29 18:09:04 - root - INFO - Too short response: 37 < 30000. Skipped.
2024-03-29 18:09:04 - root - INFO - https://williamandmary.campusdish.com/api/menu/GetMenus?locationId=03/18/2024&mode=Daily&date=03/18/2024
2024-03-29 18:09:04 - root - INFO - data length: 37 (78391 (Food Hall @ Sadler) on 03/18/2024)
2024-03-29 18:09:04 - root - INFO - Too short response: 37 < 30000. Skipped.
2024-03-29 18:09:04 - root - INFO - https://williamandmary.campusdish.com/api/menu/GetMenus?locationId=03/19/2024&mode=Daily&date=03/19/2024
2024-03-29 18:09:04 - root - INFO - data length: 37 (78390 (Commons Dining Hall) on 03/19/2024)
2024-03-29 18:09:04 - root - INFO - Too short response: 37 < 30000. Skipped.
2024-03-29 18:09:04 - root - INFO - https://williamandmary.campusdish.com/api/menu/GetMenus?locationId=03/19/2024&mode=Daily&date=03/19/2024
2024-03-29 18:09:04 - root - INFO - data length: 37 (78391 (Food Hall @ Sadler) on 03/19/2024)
2024-03-29 18:09:04 - root - INFO - Too short response: 37 < 30000. Skipped.
2024-03-29 18:09:04 - root - INFO - https://williamandmary.campusdish.com/api/menu/GetMenus?locationId=03/20/2024&mode=Daily&date=03/20/2024
2024-03-29 18:09:05 - root - INFO - data length: 37 (78390 (Commons Dining Hall) on 03/20/2024)
2024-03-29 18:09:05 - root - INFO - Too short response: 37 < 30000. Skipped.
2024-03-29 18:09:05 - root - INFO - https://williamandmary.campusdish.com/api/menu/GetMenus?locationId=03/20/2024&mode=Daily&date=03/20/2024
2024-03-29 18:09:05 - root - INFO - data length: 37 (78391 (Food Hall @ Sadler) on 03/20/2024)
2024-03-29 18:09:05 - root - INFO - Too short response: 37 < 30000. Skipped.
2024-03-29 18:09:05 - root - INFO - https://williamandmary.campusdish.com/api/menu/GetMenus?locationId=03/21/2024&mode=Daily&date=03/21/2024
2024-03-29 18:09:05 - root - INFO - data length: 37 (78390 (Commons Dining Hall) on 03/21/2024)
2024-03-29 18:09:05 - root - INFO - Too short response: 37 < 30000. Skipped.
2024-03-29 18:09:05 - root - INFO - https://williamandmary.campusdish.com/api/menu/GetMenus?locationId=03/21/2024&mode=Daily&date=03/21/2024
2024-03-29 18:09:06 - root - INFO - data length: 37 (78391 (Food Hall @ Sadler) on 03/21/2024)
2024-03-29 18:09:06 - root - INFO - Too short response: 37 < 30000. Skipped.
2024-03-29 18:09:06 - root - INFO - https://williamandmary.campusdish.com/api/menu/GetMenus?locationId=03/22/2024&mode=Daily&date=03/22/2024
2024-03-29 18:09:06 - root - INFO - data length: 37 (78390 (Commons Dining Hall) on 03/22/2024)
2024-03-29 18:09:06 - root - INFO - Too short response: 37 < 30000. Skipped.
2024-03-29 18:09:06 - root - INFO - https://williamandmary.campusdish.com/api/menu/GetMenus?locationId=03/22/2024&mode=Daily&date=03/22/2024
2024-03-29 18:09:06 - root - INFO - data length: 37 (78391 (Food Hall @ Sadler) on 03/22/2024)
2024-03-29 18:09:06 - root - INFO - Too short response: 37 < 30000. Skipped.
2024-03-29 18:09:06 - root - INFO - https://williamandmary.campusdish.com/api/menu/GetMenus?locationId=03/23/2024&mode=Daily&date=03/23/2024
2024-03-29 18:09:06 - root - INFO - data length: 37 (78390 (Commons Dining Hall) on 03/23/2024)
2024-03-29 18:09:06 - root - INFO - Too short response: 37 < 30000. Skipped.
2024-03-29 18:09:06 - root - INFO - https://williamandmary.campusdish.com/api/menu/GetMenus?locationId=03/23/2024&mode=Daily&date=03/23/2024
2024-03-29 18:09:07 - root - INFO - data length: 37 (78391 (Food Hall @ Sadler) on 03/23/2024)
2024-03-29 18:09:07 - root - INFO - Too short response: 37 < 30000. Skipped.
2024-03-29 18:09:07 - root - INFO - https://williamandmary.campusdish.com/api/menu/GetMenus?locationId=03/24/2024&mode=Daily&date=03/24/2024
2024-03-29 18:09:07 - root - INFO - data length: 37 (78390 (Commons Dining Hall) on 03/24/2024)
2024-03-29 18:09:07 - root - INFO - Too short response: 37 < 30000. Skipped.
2024-03-29 18:09:07 - root - INFO - https://williamandmary.campusdish.com/api/menu/GetMenus?locationId=03/24/2024&mode=Daily&date=03/24/2024
2024-03-29 18:09:07 - root - INFO - data length: 37 (78391 (Food Hall @ Sadler) on 03/24/2024)
2024-03-29 18:09:07 - root - INFO - Too short response: 37 < 30000. Skipped.
2024-03-29 18:09:07 - root - INFO - https://williamandmary.campusdish.com/api/menu/GetMenus?locationId=03/25/2024&mode=Daily&date=03/25/2024
2024-03-29 18:09:07 - root - INFO - data length: 37 (78390 (Commons Dining Hall) on 03/25/2024)
2024-03-29 18:09:07 - root - INFO - Too short response: 37 < 30000. Skipped.
2024-03-29 18:09:07 - root - INFO - https://williamandmary.campusdish.com/api/menu/GetMenus?locationId=03/25/2024&mode=Daily&date=03/25/2024
2024-03-29 18:09:08 - root - INFO - data length: 37 (78391 (Food Hall @ Sadler) on 03/25/2024)
2024-03-29 18:09:08 - root - INFO - Too short response: 37 < 30000. Skipped.
2024-03-29 18:09:08 - root - INFO - https://williamandmary.campusdish.com/api/menu/GetMenus?locationId=03/26/2024&mode=Daily&date=03/26/2024
2024-03-29 18:09:08 - root - INFO - data length: 37 (78390 (Commons Dining Hall) on 03/26/2024)
2024-03-29 18:09:08 - root - INFO - Too short response: 37 < 30000. Skipped.
2024-03-29 18:09:08 - root - INFO - https://williamandmary.campusdish.com/api/menu/GetMenus?locationId=03/26/2024&mode=Daily&date=03/26/2024
2024-03-29 18:09:08 - root - INFO - data length: 37 (78391 (Food Hall @ Sadler) on 03/26/2024)
2024-03-29 18:09:08 - root - INFO - Too short response: 37 < 30000. Skipped.
2024-03-29 18:09:08 - root - INFO - https://williamandmary.campusdish.com/api/menu/GetMenus?locationId=03/27/2024&mode=Daily&date=03/27/2024
2024-03-29 18:09:08 - root - INFO - data length: 37 (78390 (Commons Dining Hall) on 03/27/2024)
2024-03-29 18:09:08 - root - INFO - Too short response: 37 < 30000. Skipped.
2024-03-29 18:09:08 - root - INFO - https://williamandmary.campusdish.com/api/menu/GetMenus?locationId=03/27/2024&mode=Daily&date=03/27/2024
2024-03-29 18:09:09 - root - INFO - data length: 37 (78391 (Food Hall @ Sadler) on 03/27/2024)
2024-03-29 18:09:09 - root - INFO - Too short response: 37 < 30000. Skipped.
2024-03-29 18:09:09 - root - INFO - https://williamandmary.campusdish.com/api/menu/GetMenus?locationId=03/28/2024&mode=Daily&date=03/28/2024
2024-03-29 18:09:09 - root - INFO - data length: 37 (78390 (Commons Dining Hall) on 03/28/2024)
2024-03-29 18:09:09 - root - INFO - Too short response: 37 < 30000. Skipped.
2024-03-29 18:09:09 - root - INFO - https://williamandmary.campusdish.com/api/menu/GetMenus?locationId=03/28/2024&mode=Daily&date=03/28/2024
2024-03-29 18:09:09 - root - INFO - data length: 37 (78391 (Food Hall @ Sadler) on 03/28/2024)
2024-03-29 18:09:09 - root - INFO - Too short response: 37 < 30000. Skipped.
2024-03-29 18:09:09 - root - INFO - https://williamandmary.campusdish.com/api/menu/GetMenus?locationId=03/29/2024&mode=Daily&date=03/29/2024
2024-03-29 18:09:09 - root - INFO - data length: 37 (78390 (Commons Dining Hall) on 03/29/2024)
2024-03-29 18:09:09 - root - INFO - Too short response: 37 < 30000. Skipped.
2024-03-29 18:09:09 - root - INFO - https://williamandmary.campusdish.com/api/menu/GetMenus?locationId=03/29/2024&mode=Daily&date=03/29/2024
2024-03-29 18:09:10 - root - INFO - data length: 37 (78391 (Food Hall @ Sadler) on 03/29/2024)
2024-03-29 18:09:10 - root - INFO - Too short response: 37 < 30000. Skipped.
2024-03-29 18:09:10 - root - INFO - https://williamandmary.campusdish.com/api/menu/GetMenus?locationId=03/30/2024&mode=Daily&date=03/30/2024
2024-03-29 18:09:10 - root - INFO - data length: 37 (78390 (Commons Dining Hall) on 03/30/2024)
2024-03-29 18:09:10 - root - INFO - Too short response: 37 < 30000. Skipped.
2024-03-29 18:09:10 - root - INFO - https://williamandmary.campusdish.com/api/menu/GetMenus?locationId=03/30/2024&mode=Daily&date=03/30/2024
2024-03-29 18:09:10 - root - INFO - data length: 37 (78391 (Food Hall @ Sadler) on 03/30/2024)
2024-03-29 18:09:10 - root - INFO - Too short response: 37 < 30000. Skipped.
2024-03-29 18:09:10 - root - INFO - https://williamandmary.campusdish.com/api/menu/GetMenus?locationId=03/31/2024&mode=Daily&date=03/31/2024
2024-03-29 18:09:10 - root - INFO - data length: 37 (78390 (Commons Dining Hall) on 03/31/2024)
2024-03-29 18:09:10 - root - INFO - Too short response: 37 < 30000. Skipped.
2024-03-29 18:09:10 - root - INFO - https://williamandmary.campusdish.com/api/menu/GetMenus?locationId=03/31/2024&mode=Daily&date=03/31/2024
2024-03-29 18:09:11 - root - INFO - data length: 37 (78391 (Food Hall @ Sadler) on 03/31/2024)
2024-03-29 18:09:11 - root - INFO - Too short response: 37 < 30000. Skipped.
2024-03-29 18:09:11 - root - INFO - https://williamandmary.campusdish.com/api/menu/GetMenus?locationId=04/01/2024&mode=Daily&date=04/01/2024
2024-03-29 18:09:11 - root - INFO - data length: 37 (78390 (Commons Dining Hall) on 04/01/2024)
2024-03-29 18:09:11 - root - INFO - Too short response: 37 < 30000. Skipped.
2024-03-29 18:09:11 - root - INFO - https://williamandmary.campusdish.com/api/menu/GetMenus?locationId=04/01/2024&mode=Daily&date=04/01/2024
2024-03-29 18:09:11 - root - INFO - data length: 37 (78391 (Food Hall @ Sadler) on 04/01/2024)
2024-03-29 18:09:11 - root - INFO - Too short response: 37 < 30000. Skipped.
2024-03-29 18:09:11 - root - INFO - https://williamandmary.campusdish.com/api/menu/GetMenus?locationId=04/02/2024&mode=Daily&date=04/02/2024
2024-03-29 18:09:12 - root - INFO - data length: 37 (78390 (Commons Dining Hall) on 04/02/2024)
2024-03-29 18:09:12 - root - INFO - Too short response: 37 < 30000. Skipped.
2024-03-29 18:09:12 - root - INFO - https://williamandmary.campusdish.com/api/menu/GetMenus?locationId=04/02/2024&mode=Daily&date=04/02/2024
2024-03-29 18:09:12 - root - INFO - data length: 37 (78391 (Food Hall @ Sadler) on 04/02/2024)
2024-03-29 18:09:12 - root - INFO - Too short response: 37 < 30000. Skipped.
2024-03-29 18:09:12 - root - INFO - https://williamandmary.campusdish.com/api/menu/GetMenus?locationId=04/03/2024&mode=Daily&date=04/03/2024
2024-03-29 18:09:12 - root - INFO - data length: 37 (78390 (Commons Dining Hall) on 04/03/2024)
2024-03-29 18:09:12 - root - INFO - Too short response: 37 < 30000. Skipped.
2024-03-29 18:09:12 - root - INFO - https://williamandmary.campusdish.com/api/menu/GetMenus?locationId=04/03/2024&mode=Daily&date=04/03/2024
2024-03-29 18:09:13 - root - INFO - data length: 37 (78391 (Food Hall @ Sadler) on 04/03/2024)
2024-03-29 18:09:13 - root - INFO - Too short response: 37 < 30000. Skipped.
2024-03-29 18:09:13 - root - INFO - https://williamandmary.campusdish.com/api/menu/GetMenus?locationId=04/04/2024&mode=Daily&date=04/04/2024
2024-03-29 18:09:13 - root - INFO - data length: 37 (78390 (Commons Dining Hall) on 04/04/2024)
2024-03-29 18:09:13 - root - INFO - Too short response: 37 < 30000. Skipped.
2024-03-29 18:09:13 - root - INFO - https://williamandmary.campusdish.com/api/menu/GetMenus?locationId=04/04/2024&mode=Daily&date=04/04/2024
2024-03-29 18:09:13 - root - INFO - data length: 37 (78391 (Food Hall @ Sadler) on 04/04/2024)
2024-03-29 18:09:13 - root - INFO - Too short response: 37 < 30000. Skipped.
2024-03-29 18:09:13 - root - INFO - https://williamandmary.campusdish.com/api/menu/GetMenus?locationId=04/05/2024&mode=Daily&date=04/05/2024
2024-03-29 18:09:13 - root - INFO - data length: 37 (78390 (Commons Dining Hall) on 04/05/2024)
2024-03-29 18:09:13 - root - INFO - Too short response: 37 < 30000. Skipped.
2024-03-29 18:09:13 - root - INFO - https://williamandmary.campusdish.com/api/menu/GetMenus?locationId=04/05/2024&mode=Daily&date=04/05/2024
2024-03-29 18:09:13 - root - INFO - data length: 37 (78391 (Food Hall @ Sadler) on 04/05/2024)
2024-03-29 18:09:13 - root - INFO - Too short response: 37 < 30000. Skipped.
2024-03-29 18:09:13 - root - INFO - https://williamandmary.campusdish.com/api/menu/GetMenus?locationId=04/06/2024&mode=Daily&date=04/06/2024
2024-03-29 18:09:14 - root - INFO - data length: 37 (78390 (Commons Dining Hall) on 04/06/2024)
2024-03-29 18:09:14 - root - INFO - Too short response: 37 < 30000. Skipped.
2024-03-29 18:09:14 - root - INFO - https://williamandmary.campusdish.com/api/menu/GetMenus?locationId=04/06/2024&mode=Daily&date=04/06/2024
2024-03-29 18:09:14 - root - INFO - data length: 37 (78391 (Food Hall @ Sadler) on 04/06/2024)
2024-03-29 18:09:14 - root - INFO - Too short response: 37 < 30000. Skipped.
2024-03-29 18:09:14 - root - INFO - https://williamandmary.campusdish.com/api/menu/GetMenus?locationId=04/07/2024&mode=Daily&date=04/07/2024
2024-03-29 18:09:14 - root - INFO - data length: 37 (78390 (Commons Dining Hall) on 04/07/2024)
2024-03-29 18:09:14 - root - INFO - Too short response: 37 < 30000. Skipped.
2024-03-29 18:09:14 - root - INFO - https://williamandmary.campusdish.com/api/menu/GetMenus?locationId=04/07/2024&mode=Daily&date=04/07/2024
2024-03-29 18:09:14 - root - INFO - data length: 37 (78391 (Food Hall @ Sadler) on 04/07/2024)
2024-03-29 18:09:14 - root - INFO - Too short response: 37 < 30000. Skipped.
2024-03-29 18:09:14 - root - INFO - https://williamandmary.campusdish.com/api/menu/GetMenus?locationId=04/08/2024&mode=Daily&date=04/08/2024
2024-03-29 18:09:15 - root - INFO - data length: 37 (78390 (Commons Dining Hall) on 04/08/2024)
2024-03-29 18:09:15 - root - INFO - Too short response: 37 < 30000. Skipped.
2024-03-29 18:09:15 - root - INFO - https://williamandmary.campusdish.com/api/menu/GetMenus?locationId=04/08/2024&mode=Daily&date=04/08/2024
2024-03-29 18:09:15 - root - INFO - data length: 37 (78391 (Food Hall @ Sadler) on 04/08/2024)
2024-03-29 18:09:15 - root - INFO - Too short response: 37 < 30000. Skipped.
2024-03-29 18:09:15 - root - INFO - https://williamandmary.campusdish.com/api/menu/GetMenus?locationId=04/09/2024&mode=Daily&date=04/09/2024
2024-03-29 18:09:15 - root - INFO - data length: 37 (78390 (Commons Dining Hall) on 04/09/2024)
2024-03-29 18:09:15 - root - INFO - Too short response: 37 < 30000. Skipped.
2024-03-29 18:09:15 - root - INFO - https://williamandmary.campusdish.com/api/menu/GetMenus?locationId=04/09/2024&mode=Daily&date=04/09/2024
2024-03-29 18:09:15 - root - INFO - data length: 37 (78391 (Food Hall @ Sadler) on 04/09/2024)
2024-03-29 18:09:15 - root - INFO - Too short response: 37 < 30000. Skipped.
2024-03-29 18:09:15 - root - INFO - https://williamandmary.campusdish.com/api/menu/GetMenus?locationId=04/10/2024&mode=Daily&date=04/10/2024
2024-03-29 18:09:15 - root - INFO - data length: 37 (78390 (Commons Dining Hall) on 04/10/2024)
2024-03-29 18:09:15 - root - INFO - Too short response: 37 < 30000. Skipped.
2024-03-29 18:09:15 - root - INFO - https://williamandmary.campusdish.com/api/menu/GetMenus?locationId=04/10/2024&mode=Daily&date=04/10/2024
2024-03-29 18:09:16 - root - INFO - data length: 37 (78391 (Food Hall @ Sadler) on 04/10/2024)
2024-03-29 18:09:16 - root - INFO - Too short response: 37 < 30000. Skipped.
2024-03-29 18:09:16 - root - INFO - https://williamandmary.campusdish.com/api/menu/GetMenus?locationId=04/11/2024&mode=Daily&date=04/11/2024
2024-03-29 18:09:16 - root - INFO - data length: 37 (78390 (Commons Dining Hall) on 04/11/2024)
2024-03-29 18:09:16 - root - INFO - Too short response: 37 < 30000. Skipped.
2024-03-29 18:09:16 - root - INFO - https://williamandmary.campusdish.com/api/menu/GetMenus?locationId=04/11/2024&mode=Daily&date=04/11/2024
2024-03-29 18:09:16 - root - INFO - data length: 37 (78391 (Food Hall @ Sadler) on 04/11/2024)
2024-03-29 18:09:16 - root - INFO - Too short response: 37 < 30000. Skipped.
2024-03-29 18:09:16 - root - INFO - https://williamandmary.campusdish.com/api/menu/GetMenus?locationId=04/12/2024&mode=Daily&date=04/12/2024
2024-03-29 18:09:16 - root - INFO - data length: 37 (78390 (Commons Dining Hall) on 04/12/2024)
2024-03-29 18:09:16 - root - INFO - Too short response: 37 < 30000. Skipped.
2024-03-29 18:09:16 - root - INFO - https://williamandmary.campusdish.com/api/menu/GetMenus?locationId=04/12/2024&mode=Daily&date=04/12/2024
2024-03-29 18:09:16 - root - INFO - data length: 37 (78391 (Food Hall @ Sadler) on 04/12/2024)
2024-03-29 18:09:16 - root - INFO - Too short response: 37 < 30000. Skipped.
2024-03-29 18:09:16 - root - INFO - https://williamandmary.campusdish.com/api/menu/GetMenus?locationId=04/13/2024&mode=Daily&date=04/13/2024
2024-03-29 18:09:17 - root - INFO - data length: 37 (78390 (Commons Dining Hall) on 04/13/2024)
2024-03-29 18:09:17 - root - INFO - Too short response: 37 < 30000. Skipped.
2024-03-29 18:09:17 - root - INFO - https://williamandmary.campusdish.com/api/menu/GetMenus?locationId=04/13/2024&mode=Daily&date=04/13/2024
2024-03-29 18:09:17 - root - INFO - data length: 37 (78391 (Food Hall @ Sadler) on 04/13/2024)
2024-03-29 18:09:17 - root - INFO - Too short response: 37 < 30000. Skipped.
2024-03-29 18:09:17 - root - INFO - https://williamandmary.campusdish.com/api/menu/GetMenus?locationId=04/14/2024&mode=Daily&date=04/14/2024
2024-03-29 18:09:17 - root - INFO - data length: 37 (78390 (Commons Dining Hall) on 04/14/2024)
2024-03-29 18:09:17 - root - INFO - Too short response: 37 < 30000. Skipped.
2024-03-29 18:09:17 - root - INFO - https://williamandmary.campusdish.com/api/menu/GetMenus?locationId=04/14/2024&mode=Daily&date=04/14/2024
2024-03-29 18:09:17 - root - INFO - data length: 37 (78391 (Food Hall @ Sadler) on 04/14/2024)
2024-03-29 18:09:17 - root - INFO - Too short response: 37 < 30000. Skipped.
2024-03-29 18:09:17 - root - INFO - https://williamandmary.campusdish.com/api/menu/GetMenus?locationId=04/15/2024&mode=Daily&date=04/15/2024
2024-03-29 18:09:18 - root - INFO - data length: 37 (78390 (Commons Dining Hall) on 04/15/2024)
2024-03-29 18:09:18 - root - INFO - Too short response: 37 < 30000. Skipped.
2024-03-29 18:09:18 - root - INFO - https://williamandmary.campusdish.com/api/menu/GetMenus?locationId=04/15/2024&mode=Daily&date=04/15/2024
2024-03-29 18:09:18 - root - INFO - data length: 37 (78391 (Food Hall @ Sadler) on 04/15/2024)
2024-03-29 18:09:18 - root - INFO - Too short response: 37 < 30000. Skipped.
2024-03-29 18:09:18 - root - INFO - https://williamandmary.campusdish.com/api/menu/GetMenus?locationId=04/16/2024&mode=Daily&date=04/16/2024
2024-03-29 18:09:18 - root - INFO - data length: 37 (78390 (Commons Dining Hall) on 04/16/2024)
2024-03-29 18:09:18 - root - INFO - Too short response: 37 < 30000. Skipped.
2024-03-29 18:09:18 - root - INFO - https://williamandmary.campusdish.com/api/menu/GetMenus?locationId=04/16/2024&mode=Daily&date=04/16/2024
2024-03-29 18:09:18 - root - INFO - data length: 37 (78391 (Food Hall @ Sadler) on 04/16/2024)
2024-03-29 18:09:18 - root - INFO - Too short response: 37 < 30000. Skipped.
2024-03-29 18:09:18 - root - INFO - https://williamandmary.campusdish.com/api/menu/GetMenus?locationId=04/17/2024&mode=Daily&date=04/17/2024
2024-03-29 18:09:19 - root - INFO - data length: 37 (78390 (Commons Dining Hall) on 04/17/2024)
2024-03-29 18:09:19 - root - INFO - Too short response: 37 < 30000. Skipped.
2024-03-29 18:09:19 - root - INFO - https://williamandmary.campusdish.com/api/menu/GetMenus?locationId=04/17/2024&mode=Daily&date=04/17/2024
2024-03-29 18:09:19 - root - INFO - data length: 37 (78391 (Food Hall @ Sadler) on 04/17/2024)
2024-03-29 18:09:19 - root - INFO - Too short response: 37 < 30000. Skipped.
2024-03-29 18:09:19 - root - INFO - https://williamandmary.campusdish.com/api/menu/GetMenus?locationId=04/18/2024&mode=Daily&date=04/18/2024
2024-03-29 18:09:19 - root - INFO - data length: 37 (78390 (Commons Dining Hall) on 04/18/2024)
2024-03-29 18:09:19 - root - INFO - Too short response: 37 < 30000. Skipped.
2024-03-29 18:09:19 - root - INFO - https://williamandmary.campusdish.com/api/menu/GetMenus?locationId=04/18/2024&mode=Daily&date=04/18/2024
2024-03-29 18:09:20 - root - INFO - data length: 37 (78391 (Food Hall @ Sadler) on 04/18/2024)
2024-03-29 18:09:20 - root - INFO - Too short response: 37 < 30000. Skipped.
2024-03-29 18:09:20 - root - INFO - https://williamandmary.campusdish.com/api/menu/GetMenus?locationId=04/19/2024&mode=Daily&date=04/19/2024
2024-03-29 18:09:20 - root - INFO - data length: 37 (78390 (Commons Dining Hall) on 04/19/2024)
2024-03-29 18:09:20 - root - INFO - Too short response: 37 < 30000. Skipped.
2024-03-29 18:09:20 - root - INFO - https://williamandmary.campusdish.com/api/menu/GetMenus?locationId=04/19/2024&mode=Daily&date=04/19/2024
2024-03-29 18:09:20 - root - INFO - data length: 37 (78391 (Food Hall @ Sadler) on 04/19/2024)
2024-03-29 18:09:20 - root - INFO - Too short response: 37 < 30000. Skipped.
2024-03-29 18:09:20 - root - INFO - https://williamandmary.campusdish.com/api/menu/GetMenus?locationId=04/20/2024&mode=Daily&date=04/20/2024
2024-03-29 18:09:20 - root - INFO - data length: 37 (78390 (Commons Dining Hall) on 04/20/2024)
2024-03-29 18:09:20 - root - INFO - Too short response: 37 < 30000. Skipped.
2024-03-29 18:09:20 - root - INFO - https://williamandmary.campusdish.com/api/menu/GetMenus?locationId=04/20/2024&mode=Daily&date=04/20/2024
2024-03-29 18:09:21 - root - INFO - data length: 37 (78391 (Food Hall @ Sadler) on 04/20/2024)
2024-03-29 18:09:21 - root - INFO - Too short response: 37 < 30000. Skipped.
2024-03-29 18:09:21 - root - INFO - https://williamandmary.campusdish.com/api/menu/GetMenus?locationId=04/21/2024&mode=Daily&date=04/21/2024
2024-03-29 18:09:21 - root - INFO - data length: 37 (78390 (Commons Dining Hall) on 04/21/2024)
2024-03-29 18:09:21 - root - INFO - Too short response: 37 < 30000. Skipped.
2024-03-29 18:09:21 - root - INFO - https://williamandmary.campusdish.com/api/menu/GetMenus?locationId=04/21/2024&mode=Daily&date=04/21/2024
2024-03-29 18:09:21 - root - INFO - data length: 37 (78391 (Food Hall @ Sadler) on 04/21/2024)
2024-03-29 18:09:21 - root - INFO - Too short response: 37 < 30000. Skipped.
